<?xml version="1.0" encoding="UTF-8"?>
<!-- Generated by org.testng.reporters.JUnitXMLReporter -->
<testsuite ignored="0" hostname="ewings-kubuntu" failures="0" tests="9" name="Test" time="0.146" errors="0" timestamp="2022-11-10T21:03:14 IST">
  <testcase classname="test_Batch.B" name="TC4" time="0.013"/>
  <testcase classname="test_Batch.B" name="TC5" time="0.002"/>
  <testcase classname="test_Batch.B" name="TC6" time="0.003"/>
  <testcase classname="test_Batch.A" name="TC1" time="0.002"/>
  <testcase classname="test_Batch.A" name="TC2" time="0.003"/>
  <testcase classname="test_Batch.A" name="TC3" time="0.002"/>
  <testcase classname="test_Batch.C" name="TC7" time="0.002"/>
  <testcase classname="test_Batch.C" name="TC8" time="0.002"/>
  <testcase classname="test_Batch.C" name="TC9" time="0.001"/>
</testsuite> <!-- Test -->
