<?xml version="1.0" encoding="UTF-8"?>
<testng-results ignored="0" total="2" passed="2" failed="0" skipped="0">
  <reporter-output>
    <line>
      <![CDATA[running TC1]]>
    </line>
    <line>
      <![CDATA[running TC2]]>
    </line>
  </reporter-output>
  <suite started-at="2022-11-10T21:05:12 IST" name="Default suite" finished-at="2022-11-10T21:05:12 IST" duration-ms="68">
    <groups>
    </groups>
    <test started-at="2022-11-10T21:05:12 IST" name="Default test" finished-at="2022-11-10T21:05:12 IST" duration-ms="68">
      <class name="testNg.executable">
        <test-method signature="TC1()[pri:0, instance:testNg.executable@3bf9ce3e]" started-at="2022-11-10T21:05:12 IST" name="TC1" finished-at="2022-11-10T21:05:12 IST" duration-ms="14" status="PASS">
          <reporter-output>
            <line>
              <![CDATA[running TC1]]>
            </line>
          </reporter-output>
        </test-method> <!-- TC1 -->
        <test-method signature="TC2()[pri:0, instance:testNg.executable@3bf9ce3e]" started-at="2022-11-10T21:05:12 IST" name="TC2" finished-at="2022-11-10T21:05:12 IST" duration-ms="2" status="PASS">
          <reporter-output>
            <line>
              <![CDATA[running TC2]]>
            </line>
          </reporter-output>
        </test-method> <!-- TC2 -->
      </class> <!-- testNg.executable -->
    </test> <!-- Default test -->
  </suite> <!-- Default suite -->
</testng-results>
